21-05-2020 13:33:38.217 [Gauge] [INFO] Initializing concepts cache with 0 concepts
21-05-2020 13:33:38.219 [Gauge] [INFO] Initializing specs cache with 1 specs
21-05-2020 13:33:38.219 [Gauge] [DEBUG] Adding specs from C:\EndToEnd_Test_SA\Automation_SA\ServerAutomation_Framework\specs\example.spec
21-05-2020 13:33:38.219 [Gauge] [INFO] Initializing steps cache with 1 steps
21-05-2020 13:33:38.219 [Gauge] [INFO] Gauge daemon initialized and listening on port: 53219
21-05-2020 13:33:38.230 [Gauge] [INFO] Watching directory: C:\EndToEnd_Test_SA\Automation_SA\ServerAutomation_Framework\specs
21-05-2020 13:33:38.231 [Gauge] [DEBUG] Found 1 files
21-05-2020 13:34:45.782 [Gauge] [DEBUG] Api Request Received: messageType:GetStepValueRequest messageId:4 stepValueRequest:<stepText:"Ensure installation instructions are available" > 
21-05-2020 13:34:46.232 [Gauge] [DEBUG] Sending API response: messageType:GetStepValueResponse messageId:4 stepValueResponse:<stepValue:<stepValue:"Ensure installation instructions are available" parameterizedStepValue:"Ensure installation instructions are available" > > 
21-05-2020 13:35:34.003 [Gauge] [INFO] Spec file added / modified: C:\EndToEnd_Test_SA\Automation_SA\ServerAutomation_Framework\specs\example.spec
21-05-2020 13:35:34.004 [Gauge] [INFO] Spec file added / modified: C:\EndToEnd_Test_SA\Automation_SA\ServerAutomation_Framework\specs\example.spec
21-05-2020 13:35:34.488 [Gauge] [INFO] Spec file added / modified: C:\EndToEnd_Test_SA\Automation_SA\ServerAutomation_Framework\specs\example.spec
21-05-2020 13:36:22.755 [Gauge] [DEBUG] Api Request Received: messageType:GetStepValueRequest messageId:4 stepValueRequest:<stepText:"Go to Gauge Get Started Page" > 
21-05-2020 13:36:22.755 [Gauge] [DEBUG] Sending API response: messageType:GetStepValueResponse messageId:4 stepValueResponse:<stepValue:<stepValue:"Go to Gauge Get Started Page" parameterizedStepValue:"Go to Gauge Get Started Page" > > 
21-05-2020 13:44:25.943 [Gauge] [INFO] Spec file added / modified: C:\EndToEnd_Test_SA\Automation_SA\ServerAutomation_Framework\specs\PlanEngine.spec
21-05-2020 13:44:25.944 [Gauge] [INFO] Spec file added / modified: C:\EndToEnd_Test_SA\Automation_SA\ServerAutomation_Framework\specs\PlanEngine.spec
21-05-2020 13:44:25.944 [Gauge] [INFO] Spec file added / modified: C:\EndToEnd_Test_SA\Automation_SA\ServerAutomation_Framework\specs\PlanEngine.spec
21-05-2020 13:44:26.242 [Gauge] [DEBUG] Api Request Received: messageType:GetStepValueRequest messageId:4 stepValueRequest:<stepText:"Plan engine should be up and running" > 
21-05-2020 13:44:26.242 [Gauge] [DEBUG] Sending API response: messageType:GetStepValueResponse messageId:4 stepValueResponse:<stepValue:<stepValue:"Plan engine should be up and running" parameterizedStepValue:"Plan engine should be up and running" > > 
21-05-2020 13:45:16.738 [Gauge] [DEBUG] Api Request Received: messageType:GetStepValueRequest messageId:4 stepValueRequest:<stepText:"* Plan engine should be up and running" > 
21-05-2020 13:45:16.738 [Gauge] [DEBUG] Sending API response: messageType:GetStepValueResponse messageId:4 stepValueResponse:<stepValue:<stepValue:"* Plan engine should be up and running" parameterizedStepValue:"* Plan engine should be up and running" > > 
21-05-2020 13:45:25.811 [Gauge] [DEBUG] Api Request Received: messageType:GetStepValueRequest messageId:4 stepValueRequest:<stepText:"*Plan engine should be up and running" > 
21-05-2020 13:45:25.811 [Gauge] [DEBUG] Sending API response: messageType:GetStepValueResponse messageId:4 stepValueResponse:<stepValue:<stepValue:"*Plan engine should be up and running" parameterizedStepValue:"*Plan engine should be up and running" > > 
21-05-2020 14:02:27.091 [Gauge] [INFO] Spec file removed: C:\EndToEnd_Test_SA\Automation_SA\ServerAutomation_Framework\specs\example.spec
21-05-2020 14:02:37.082 [Gauge] [INFO] Spec file added / modified: C:\EndToEnd_Test_SA\Automation_SA\ServerAutomation_Framework\specs\PlanEngine.spec
21-05-2020 14:02:37.134 [Gauge] [INFO] Spec file added / modified: C:\EndToEnd_Test_SA\Automation_SA\ServerAutomation_Framework\specs\PlanEngine.spec
21-05-2020 14:02:37.135 [Gauge] [INFO] Spec file added / modified: C:\EndToEnd_Test_SA\Automation_SA\ServerAutomation_Framework\specs\PlanEngine.spec
21-05-2020 14:03:40.897 [Gauge] [INFO] Spec file added / modified: C:\EndToEnd_Test_SA\Automation_SA\ServerAutomation_Framework\specs\PlanEngine.spec
21-05-2020 14:03:40.923 [Gauge] [INFO] Spec file added / modified: C:\EndToEnd_Test_SA\Automation_SA\ServerAutomation_Framework\specs\PlanEngine.spec
21-05-2020 14:03:40.923 [Gauge] [INFO] Spec file added / modified: C:\EndToEnd_Test_SA\Automation_SA\ServerAutomation_Framework\specs\PlanEngine.spec
21-05-2020 13:42:27.843 [Gauge] [INFO] Watching directory: C:\ServerAutomation_Framework\specs
21-05-2020 13:42:27.846 [Gauge] [DEBUG] Found 1 files
21-05-2020 13:42:27.858 [Gauge] [INFO] Initializing concepts cache with 0 concepts
21-05-2020 13:42:27.859 [Gauge] [INFO] Initializing specs cache with 1 specs
21-05-2020 13:42:27.859 [Gauge] [DEBUG] Adding specs from C:\ServerAutomation_Framework\specs\PlanEngine.spec
21-05-2020 13:42:27.859 [Gauge] [INFO] Initializing steps cache with 1 steps
21-05-2020 13:42:27.859 [Gauge] [INFO] Gauge daemon initialized and listening on port: 52133
21-05-2020 13:42:28.248 [Gauge] [DEBUG] Api Request Received: messageType:GetLanguagePluginLibPathRequest messageId:5 libPathRequest:<language:"java" > 
21-05-2020 13:42:28.254 [Gauge] [DEBUG] Sending API response: messageType:GetLanguagePluginLibPathResponse messageId:5 libPathResponse:<path:"C:\\Users\\bigfix\\AppData\\Roaming\\gauge\\plugins\\java\\0.7.4\\libs" > 
21-05-2020 13:57:22.821 [Gauge] [DEBUG] Api Request Received: messageType:GetStepValueRequest messageId:4 stepValueRequest:<stepText:"Plan engine should be up and running" > 
21-05-2020 13:57:22.821 [Gauge] [DEBUG] Sending API response: messageType:GetStepValueResponse messageId:4 stepValueResponse:<stepValue:<stepValue:"Plan engine should be up and running" parameterizedStepValue:"Plan engine should be up and running" > > 
21-05-2020 14:50:53.737 [Gauge] [INFO] Spec file added / modified: C:\ServerAutomation_Framework\specs\PlanEngine.spec
22-05-2020 07:03:01.249 [Gauge] [INFO] Spec file added / modified: C:\ServerAutomation_Framework\specs\PlanEngine.spec
22-05-2020 08:05:57.291 [Gauge] [INFO] Spec file added / modified: C:\ServerAutomation_Framework\specs\PlanEngine.spec
22-05-2020 13:04:33.114 [Gauge] [INFO] Spec file added / modified: C:\ServerAutomation_Framework\specs\PlanEngine.spec
22-05-2020 14:39:29.306 [Gauge] [INFO] Spec file added / modified: C:\ServerAutomation_Framework\specs\PlanEngine.spec
24-05-2020 08:18:20.163 [Gauge] [INFO] Spec file added / modified: C:\ServerAutomation_Framework\specs\PlanEngine.spec
25-05-2020 05:03:33.600 [Gauge] [INFO] Closing connection [127.0.0.1:52134] cause: read tcp 127.0.0.1:52133->127.0.0.1:52134: wsarecv: An existing connection was forcibly closed by the remote host.
25-05-2020 05:03:33.769 [Gauge] [CRITICAL] Killing Gauge daemon. Parent process with pid 5788 has terminated.
25-05-2020 05:04:17.880 [Gauge] [INFO] Watching directory: C:\ServerAutomation_Framework\specs
25-05-2020 05:04:17.880 [Gauge] [DEBUG] Found 1 files
25-05-2020 05:04:17.885 [Gauge] [INFO] Initializing concepts cache with 0 concepts
25-05-2020 05:04:17.886 [Gauge] [INFO] Initializing specs cache with 1 specs
25-05-2020 05:04:17.886 [Gauge] [DEBUG] Adding specs from C:\ServerAutomation_Framework\specs\PlanEngine.spec
25-05-2020 05:04:17.886 [Gauge] [INFO] Initializing steps cache with 1 steps
25-05-2020 05:04:17.886 [Gauge] [INFO] Gauge daemon initialized and listening on port: 52328
25-05-2020 05:04:17.889 [Gauge] [INFO] Spec file added / modified: C:\ServerAutomation_Framework\specs\PlanEngine.spec
25-05-2020 05:04:39.653 [Gauge] [DEBUG] Api Request Received: messageType:GetStepValueRequest messageId:4 stepValueRequest:<stepText:"Plan engine should be up and running" > 
25-05-2020 05:04:39.653 [Gauge] [DEBUG] Sending API response: messageType:GetStepValueResponse messageId:4 stepValueResponse:<stepValue:<stepValue:"Plan engine should be up and running" parameterizedStepValue:"Plan engine should be up and running" > > 
25-05-2020 06:08:47.343 [Gauge] [INFO] Spec file added / modified: C:\ServerAutomation_Framework\specs\PlanEngine.spec
25-05-2020 11:08:59.019 [Gauge] [INFO] Spec file added / modified: C:\ServerAutomation_Framework\specs\PlanEngine.spec
25-05-2020 11:08:59.036 [Gauge] [INFO] Spec file added / modified: C:\ServerAutomation_Framework\specs\PlanEngine.spec
25-05-2020 11:13:40.573 [Gauge] [INFO] Spec file added / modified: C:\ServerAutomation_Framework\specs\PlanEngine.spec
25-05-2020 11:14:11.630 [Gauge] [INFO] Spec file added / modified: C:\ServerAutomation_Framework\specs\PlanEngine.spec
26-05-2020 13:33:24.650 [Gauge] [INFO] Watching directory: C:\ServerAutomation_Framework\specs
26-05-2020 13:33:24.650 [Gauge] [DEBUG] Found 1 files
26-05-2020 13:33:24.654 [Gauge] [INFO] Initializing concepts cache with 0 concepts
26-05-2020 13:33:24.654 [Gauge] [INFO] Initializing specs cache with 1 specs
26-05-2020 13:33:24.655 [Gauge] [DEBUG] Adding specs from C:\ServerAutomation_Framework\specs\PlanEngine.spec
26-05-2020 13:33:24.655 [Gauge] [INFO] Initializing steps cache with 1 steps
26-05-2020 13:33:24.655 [Gauge] [INFO] Gauge daemon initialized and listening on port: 49632
27-05-2020 05:27:13.821 [Gauge] [INFO] Watching directory: C:\ServerAutomation_Framework\specs
27-05-2020 05:27:13.822 [Gauge] [DEBUG] Found 1 files
27-05-2020 05:27:13.827 [Gauge] [INFO] Initializing concepts cache with 0 concepts
27-05-2020 05:27:13.827 [Gauge] [INFO] Spec file added / modified: C:\ServerAutomation_Framework\specs\PlanEngine.spec
27-05-2020 05:27:13.828 [Gauge] [INFO] Initializing specs cache with 1 specs
27-05-2020 05:27:13.828 [Gauge] [DEBUG] Adding specs from C:\ServerAutomation_Framework\specs\PlanEngine.spec
27-05-2020 05:27:13.828 [Gauge] [INFO] Initializing steps cache with 1 steps
27-05-2020 05:27:13.828 [Gauge] [INFO] Gauge daemon initialized and listening on port: 60623
27-05-2020 05:27:54.043 [Gauge] [INFO] Spec file added / modified: C:\ServerAutomation_Framework\specs\PlanEngine.spec
27-05-2020 05:27:54.045 [Gauge] [INFO] Spec file added / modified: C:\ServerAutomation_Framework\specs\PlanEngine.spec
27-05-2020 05:28:27.455 [Gauge] [INFO] Spec file added / modified: C:\ServerAutomation_Framework\specs\PlanEngine.spec
27-05-2020 05:28:27.457 [Gauge] [INFO] Spec file added / modified: C:\ServerAutomation_Framework\specs\PlanEngine.spec
27-05-2020 05:28:38.264 [Gauge] [INFO] Spec file added / modified: C:\ServerAutomation_Framework\specs\PlanEngine.spec
27-05-2020 05:28:38.267 [Gauge] [INFO] Spec file added / modified: C:\ServerAutomation_Framework\specs\PlanEngine.spec
27-05-2020 06:10:07.338 [Gauge] [INFO] Spec file added / modified: C:\ServerAutomation_Framework\specs\PlanEngine.spec
27-05-2020 06:10:07.342 [Gauge] [INFO] Spec file added / modified: C:\ServerAutomation_Framework\specs\PlanEngine.spec
27-05-2020 06:10:11.817 [Gauge] [INFO] Spec file added / modified: C:\ServerAutomation_Framework\specs\PlanEngine.spec
27-05-2020 06:10:11.820 [Gauge] [INFO] Spec file added / modified: C:\ServerAutomation_Framework\specs\PlanEngine.spec
27-05-2020 06:10:37.743 [Gauge] [DEBUG] Api Request Received: messageType:GetStepValueRequest messageId:4 stepValueRequest:<stepText:"Uninstall automation plan engine" > 
27-05-2020 06:10:37.748 [Gauge] [DEBUG] Sending API response: messageType:GetStepValueResponse messageId:4 stepValueResponse:<stepValue:<stepValue:"Uninstall automation plan engine" parameterizedStepValue:"Uninstall automation plan engine" > > 
27-05-2020 06:10:37.791 [Gauge] [DEBUG] Api Request Received: messageType:GetStepValueRequest messageId:4 stepValueRequest:<stepText:"Plan engine should be up and running" > 
27-05-2020 06:10:37.796 [Gauge] [DEBUG] Sending API response: messageType:GetStepValueResponse messageId:4 stepValueResponse:<stepValue:<stepValue:"Plan engine should be up and running" parameterizedStepValue:"Plan engine should be up and running" > > 
27-05-2020 09:34:24.151 [Gauge] [INFO] Spec file added / modified: C:\ServerAutomation_Framework\specs\PlanEngine.spec
27-05-2020 09:55:19.084 [Gauge] [INFO] Watching directory: C:\ServerAutomation_Framework\specs
27-05-2020 09:55:19.084 [Gauge] [DEBUG] Found 1 files
27-05-2020 09:55:19.089 [Gauge] [INFO] Initializing concepts cache with 0 concepts
27-05-2020 09:55:19.089 [Gauge] [INFO] Initializing specs cache with 1 specs
27-05-2020 09:55:19.089 [Gauge] [DEBUG] Adding specs from C:\ServerAutomation_Framework\specs\PlanEngine.spec
27-05-2020 09:55:19.089 [Gauge] [INFO] Initializing steps cache with 1 steps
27-05-2020 09:55:19.089 [Gauge] [INFO] Gauge daemon initialized and listening on port: 54807
27-05-2020 09:56:02.552 [Gauge] [DEBUG] Api Request Received: messageType:GetStepValueRequest messageId:4 stepValueRequest:<stepText:"Uninstall automation plan engine" > 
27-05-2020 09:56:02.556 [Gauge] [DEBUG] Sending API response: messageType:GetStepValueResponse messageId:4 stepValueResponse:<stepValue:<stepValue:"Uninstall automation plan engine" parameterizedStepValue:"Uninstall automation plan engine" > > 
27-05-2020 09:56:02.588 [Gauge] [DEBUG] Api Request Received: messageType:GetStepValueRequest messageId:4 stepValueRequest:<stepText:"Plan engine should be up and running" > 
27-05-2020 09:56:02.600 [Gauge] [DEBUG] Sending API response: messageType:GetStepValueResponse messageId:4 stepValueResponse:<stepValue:<stepValue:"Plan engine should be up and running" parameterizedStepValue:"Plan engine should be up and running" > > 
27-05-2020 10:38:21.725 [Gauge] [INFO] Spec file added / modified: C:\ServerAutomation_Framework\specs\PlanEngine.spec
27-05-2020 12:55:02.907 [Gauge] [INFO] Spec file added / modified: C:\ServerAutomation_Framework\specs\PlanEngine.spec
27-05-2020 12:55:37.443 [Gauge] [INFO] Spec file added / modified: C:\ServerAutomation_Framework\specs\PlanEngine.spec
27-05-2020 12:55:37.446 [Gauge] [INFO] Spec file added / modified: C:\ServerAutomation_Framework\specs\PlanEngine.spec
27-05-2020 13:59:35.613 [Gauge] [INFO] Spec file added / modified: C:\ServerAutomation_Framework\specs\PlanEngine.spec
27-05-2020 13:59:35.617 [Gauge] [INFO] Spec file added / modified: C:\ServerAutomation_Framework\specs\PlanEngine.spec
27-05-2020 13:59:35.617 [Gauge] [INFO] Spec file added / modified: C:\ServerAutomation_Framework\specs\PlanEngine.spec
27-05-2020 14:39:02.898 [Gauge] [INFO] Spec file added / modified: C:\ServerAutomation_Framework\specs\PlanEngine.spec
27-05-2020 14:39:02.901 [Gauge] [INFO] Spec file added / modified: C:\ServerAutomation_Framework\specs\PlanEngine.spec
27-05-2020 14:41:24.784 [Gauge] [INFO] Spec file added / modified: C:\ServerAutomation_Framework\specs\PlanEngine.spec
27-05-2020 14:41:24.789 [Gauge] [INFO] Spec file added / modified: C:\ServerAutomation_Framework\specs\PlanEngine.spec
27-05-2020 14:41:37.134 [Gauge] [INFO] Spec file added / modified: C:\ServerAutomation_Framework\specs\PlanEngine.spec
27-05-2020 14:41:37.137 [Gauge] [INFO] Spec file added / modified: C:\ServerAutomation_Framework\specs\PlanEngine.spec
28-05-2020 06:01:21.175 [Gauge] [INFO] Spec file added / modified: C:\ServerAutomation_Framework\specs\PlanEngine.spec
28-05-2020 07:53:52.642 [Gauge] [INFO] Spec file added / modified: C:\ServerAutomation_Framework\specs\PlanEngine.spec
29-05-2020 07:35:12.069 [Gauge] [INFO] Spec file added / modified: C:\ServerAutomation_Framework\specs\PlanEngine.spec
29-05-2020 09:13:43.374 [Gauge] [INFO] Spec file added / modified: C:\ServerAutomation_Framework\specs\PlanEngine.spec
01-06-2020 06:11:12.565 [Gauge] [INFO] Spec file added / modified: C:\ServerAutomation_Framework\specs\PlanEngine.spec
01-06-2020 07:02:54.430 [Gauge] [INFO] Spec file added / modified: C:\ServerAutomation_Framework\specs\PlanEngine.spec
01-06-2020 07:02:54.434 [Gauge] [INFO] Spec file added / modified: C:\ServerAutomation_Framework\specs\PlanEngine.spec
01-06-2020 07:07:01.467 [Gauge] [INFO] Spec file added / modified: C:\ServerAutomation_Framework\specs\PlanEngine.spec
01-06-2020 07:07:01.471 [Gauge] [INFO] Spec file added / modified: C:\ServerAutomation_Framework\specs\PlanEngine.spec
01-06-2020 07:08:01.549 [Gauge] [INFO] Spec file added / modified: C:\ServerAutomation_Framework\specs\PlanEngine.spec
01-06-2020 07:08:01.553 [Gauge] [INFO] Spec file added / modified: C:\ServerAutomation_Framework\specs\PlanEngine.spec
01-06-2020 07:08:12.874 [Gauge] [INFO] Spec file added / modified: C:\ServerAutomation_Framework\specs\PlanEngine.spec
01-06-2020 07:08:12.877 [Gauge] [INFO] Spec file added / modified: C:\ServerAutomation_Framework\specs\PlanEngine.spec
01-06-2020 08:27:31.921 [Gauge] [INFO] Spec file added / modified: C:\ServerAutomation_Framework\specs\PlanEngine.spec
01-06-2020 09:06:12.789 [Gauge] [INFO] Spec file added / modified: C:\ServerAutomation_Framework\specs\PlanEngine.spec
01-06-2020 09:06:12.793 [Gauge] [INFO] Spec file added / modified: C:\ServerAutomation_Framework\specs\PlanEngine.spec
01-06-2020 09:27:59.117 [Gauge] [INFO] Spec file added / modified: C:\ServerAutomation_Framework\specs\PlanEngine.spec
01-06-2020 09:27:59.120 [Gauge] [INFO] Spec file added / modified: C:\ServerAutomation_Framework\specs\PlanEngine.spec
01-06-2020 10:31:06.919 [Gauge] [INFO] Spec file added / modified: C:\ServerAutomation_Framework\specs\PlanEngine.spec
01-06-2020 10:31:06.925 [Gauge] [INFO] Spec file added / modified: C:\ServerAutomation_Framework\specs\PlanEngine.spec
01-06-2020 10:31:06.926 [Gauge] [INFO] Spec file added / modified: C:\ServerAutomation_Framework\specs\PlanEngine.spec
01-06-2020 10:51:12.025 [Gauge] [INFO] Spec file added / modified: C:\ServerAutomation_Framework\specs\PlanEngine.spec
01-06-2020 10:51:12.029 [Gauge] [INFO] Spec file added / modified: C:\ServerAutomation_Framework\specs\PlanEngine.spec
01-06-2020 11:12:57.128 [Gauge] [INFO] Spec file added / modified: C:\ServerAutomation_Framework\specs\PlanEngine.spec
01-06-2020 11:12:57.131 [Gauge] [INFO] Spec file added / modified: C:\ServerAutomation_Framework\specs\PlanEngine.spec
01-06-2020 11:13:00.277 [Gauge] [INFO] Spec file added / modified: C:\ServerAutomation_Framework\specs\PlanEngine.spec
01-06-2020 11:13:00.280 [Gauge] [INFO] Spec file added / modified: C:\ServerAutomation_Framework\specs\PlanEngine.spec
01-06-2020 12:39:38.547 [Gauge] [INFO] Spec file added / modified: C:\ServerAutomation_Framework\specs\PlanEngine.spec
02-06-2020 06:42:59.733 [Gauge] [INFO] Spec file added / modified: C:\ServerAutomation_Framework\specs\PlanEngine.spec
02-06-2020 06:42:59.851 [Gauge] [INFO] Spec file added / modified: C:\ServerAutomation_Framework\specs\PlanEngine.spec
02-06-2020 06:42:59.857 [Gauge] [INFO] Spec file added / modified: C:\ServerAutomation_Framework\specs\PlanEngine.spec
02-06-2020 09:02:10.494 [Gauge] [INFO] Spec file added / modified: C:\ServerAutomation_Framework\specs\PlanEngine.spec
02-06-2020 09:02:10.532 [Gauge] [INFO] Spec file added / modified: C:\ServerAutomation_Framework\specs\PlanEngine.spec
02-06-2020 09:02:10.728 [Gauge] [INFO] Spec file added / modified: C:\ServerAutomation_Framework\specs\PlanEngine.spec
02-06-2020 09:10:36.412 [Gauge] [INFO] Spec file added / modified: C:\ServerAutomation_Framework\specs\PlanEngine.spec
02-06-2020 09:10:36.415 [Gauge] [INFO] Spec file added / modified: C:\ServerAutomation_Framework\specs\PlanEngine.spec
02-06-2020 09:32:11.199 [Gauge] [INFO] Spec file added / modified: C:\ServerAutomation_Framework\specs\PlanEngine.spec
02-06-2020 09:32:11.202 [Gauge] [INFO] Spec file added / modified: C:\ServerAutomation_Framework\specs\PlanEngine.spec
02-06-2020 09:32:22.769 [Gauge] [INFO] Spec file added / modified: C:\ServerAutomation_Framework\specs\PlanEngine.spec
02-06-2020 09:32:22.771 [Gauge] [INFO] Spec file added / modified: C:\ServerAutomation_Framework\specs\PlanEngine.spec
02-06-2020 10:13:56.338 [Gauge] [INFO] Spec file added / modified: C:\ServerAutomation_Framework\specs\PlanEngine.spec
02-06-2020 10:13:56.340 [Gauge] [INFO] Spec file added / modified: C:\ServerAutomation_Framework\specs\PlanEngine.spec
02-06-2020 11:02:23.185 [Gauge] [INFO] Spec file added / modified: C:\ServerAutomation_Framework\specs\PlanEngine.spec
02-06-2020 11:02:23.210 [Gauge] [INFO] Spec file added / modified: C:\ServerAutomation_Framework\specs\PlanEngine.spec
02-06-2020 11:08:26.011 [Gauge] [INFO] Spec file added / modified: C:\ServerAutomation_Framework\specs\PlanEngine.spec
02-06-2020 11:08:26.013 [Gauge] [INFO] Spec file added / modified: C:\ServerAutomation_Framework\specs\PlanEngine.spec
02-06-2020 12:32:54.014 [Gauge] [INFO] Spec file added / modified: C:\ServerAutomation_Framework\specs\PlanEngine.spec
02-06-2020 12:32:54.017 [Gauge] [INFO] Spec file added / modified: C:\ServerAutomation_Framework\specs\PlanEngine.spec
02-06-2020 12:32:54.017 [Gauge] [INFO] Spec file added / modified: C:\ServerAutomation_Framework\specs\PlanEngine.spec
02-06-2020 12:54:42.869 [Gauge] [INFO] Spec file added / modified: C:\ServerAutomation_Framework\specs\PlanEngine.spec
02-06-2020 12:54:42.871 [Gauge] [INFO] Spec file added / modified: C:\ServerAutomation_Framework\specs\PlanEngine.spec
02-06-2020 13:09:06.506 [Gauge] [INFO] Spec file added / modified: C:\ServerAutomation_Framework\specs\PlanEngine.spec
02-06-2020 13:09:06.508 [Gauge] [INFO] Spec file added / modified: C:\ServerAutomation_Framework\specs\PlanEngine.spec
02-06-2020 13:13:14.899 [Gauge] [INFO] Spec file added / modified: C:\ServerAutomation_Framework\specs\PlanEngine.spec
02-06-2020 13:13:14.901 [Gauge] [INFO] Spec file added / modified: C:\ServerAutomation_Framework\specs\PlanEngine.spec
03-06-2020 08:47:44.266 [Gauge] [INFO] Spec file added / modified: C:\ServerAutomation_Framework\specs\PlanEngine.spec
03-06-2020 08:47:44.270 [Gauge] [INFO] Spec file added / modified: C:\ServerAutomation_Framework\specs\PlanEngine.spec
